\BOOKMARK [1][-]{section.1}{Introducci\363n}{}% 1
\BOOKMARK [1][-]{section.2}{Requisitos funcionales}{}% 2
\BOOKMARK [2][-]{subsection.2.1}{Registrar Usuario}{section.2}% 3
\BOOKMARK [2][-]{subsection.2.2}{Iniciar sesi\363n}{section.2}% 4
\BOOKMARK [2][-]{subsection.2.3}{Cerrar sesi\363n}{section.2}% 5
\BOOKMARK [2][-]{subsection.2.4}{Crear Partida}{section.2}% 6
\BOOKMARK [2][-]{subsection.2.5}{Elminar partida}{section.2}% 7
\BOOKMARK [2][-]{subsection.2.6}{Registrar Victorias}{section.2}% 8
\BOOKMARK [2][-]{subsection.2.7}{Ver la lista de partidas}{section.2}% 9
\BOOKMARK [2][-]{subsection.2.8}{Enviar Petici\363n de Reto}{section.2}% 10
\BOOKMARK [2][-]{subsection.2.9}{Registrar un movimiento}{section.2}% 11
\BOOKMARK [2][-]{subsection.2.10}{Responder a acci\363n enemiga}{section.2}% 12
\BOOKMARK [2][-]{subsection.2.11}{Comprar refuerzos}{section.2}% 13
\BOOKMARK [2][-]{subsection.2.12}{Enviar petici\363n de alianza}{section.2}% 14
\BOOKMARK [2][-]{subsection.2.13}{Responder a petici\363n de alianza}{section.2}% 15
\BOOKMARK [2][-]{subsection.2.14}{Romper alianza}{section.2}% 16
\BOOKMARK [2][-]{subsection.2.15}{Enviar actualizaci\363n de la partida}{section.2}% 17
\BOOKMARK [2][-]{subsection.2.16}{Recibir actualizaci\363n de la partida}{section.2}% 18
\BOOKMARK [1][-]{section.3}{Otros requisitos}{}% 19
\BOOKMARK [2][-]{subsection.3.1}{Requisitos de la interfaz de usuario}{section.3}% 20
\BOOKMARK [3][-]{subsubsection.3.1.1}{Ventana de inicio}{subsection.3.1}% 21
\BOOKMARK [3][-]{subsubsection.3.1.2}{Ventana de registro}{subsection.3.1}% 22
\BOOKMARK [3][-]{subsubsection.3.1.3}{Ventana principal}{subsection.3.1}% 23
\BOOKMARK [3][-]{subsubsection.3.1.4}{Ventana Crear partida}{subsection.3.1}% 24
\BOOKMARK [3][-]{subsubsection.3.1.5}{Ventana de juego}{subsection.3.1}% 25
\BOOKMARK [1][-]{section.4}{Arquitectura del sistema}{}% 26
\BOOKMARK [1][-]{section.5}{Casos de uso}{}% 27
\BOOKMARK [1][-]{section.6}{Diagramas de secuencia}{}% 28
\BOOKMARK [1][-]{section.7}{M\341quinas de estado}{}% 29
\BOOKMARK [1][-]{section.8}{Diagrama de clases}{}% 30
\BOOKMARK [1][-]{section.9}{Pruebas de los casos de uso}{}% 31
